<?xml version="1.0" encoding="UTF-8"?>
<robot generator="Robot 7.0 (Python 3.12.0 on win32)" generated="2024-04-14T11:28:51.810402" rpa="false" schemaversion="5">
<suite id="s1" name="Tests" source="C:\Pessoal\github\QA_API_Test_Collection - Copia\tests">
<suite id="s1-s1" name="API PDV" source="C:\Pessoal\github\QA_API_Test_Collection - Copia\tests\1__API_PDV.robot">
<test id="s1-s1-t1" name="TC01 - API Google Test" line="6">
<kw name="Dado que realizei um GET para a Google" owner="API">
<kw name="Create Dictionary" owner="BuiltIn">
<msg time="2024-04-14T11:28:51.939701" level="INFO">${headers} = {'Content-Type': 'application/json'}</msg>
<var>${headers}</var>
<arg>Content-Type=application/json</arg>
<doc>Creates and returns a dictionary based on the given ``items``.</doc>
<status status="PASS" start="2024-04-14T11:28:51.939701" elapsed="0.000000"/>
</kw>
<kw name="GET" owner="RequestsLibrary">
<msg time="2024-04-14T11:28:52.172572" level="INFO">GET Request : url=http://www.google.com/ 
 path_url=/ 
 headers={'User-Agent': 'python-requests/2.31.0', 'Accept-Encoding': 'gzip, deflate', 'Accept': '*/*', 'Connection': 'keep-alive', 'Content-Type': 'application/json'} 
 body=None 
 </msg>
<msg time="2024-04-14T11:28:52.172572" level="INFO">GET Response : url=http://www.google.com/ 
 status=200, reason=OK 
 headers={'Date': 'Sun, 14 Apr 2024 14:28:53 GMT', 'Expires': '-1', 'Cache-Control': 'private, max-age=0', 'Content-Type': 'text/html; charset=ISO-8859-1', 'Content-Security-Policy-Report-Only': "object-src 'none';base-uri 'self';script-src 'nonce-NDiMTaGHrcpbiYkUyRZPTw' 'strict-dynamic' 'report-sample' 'unsafe-eval' 'unsafe-inline' https: http:;report-uri https://csp.withgoogle.com/csp/gws/other-hp", 'P3P': 'CP="This is not a P3P policy! See g.co/p3phelp for more info."', 'Content-Encoding': 'gzip', 'Server': 'gws', 'Content-Length': '8239', 'X-XSS-Protection': '0', 'X-Frame-Options': 'SAMEORIGIN', 'Set-Cookie': 'AEC=AQTF6HwmMJkWPFq20Rv9DGY-XY1_I2tWoSWuVukCjvnvwSWyO4s1buYeEg; expires=Fri, 11-Oct-2024 14:28:53 GMT; path=/; domain=.google.com; Secure; HttpOnly; SameSite=lax, NID=513=SX0D_mop7KwGOEft1sWdP5KvdKnZElbcoz6CNHYw9bkcxeTf7PQqgg05gLqyb-HD82KklYkCJ8KafO3LPrZXBlrS2Hw5lFhbNcfJ8tbStGtLkVNmh_4eK2fwLVO3eNi7Q5CUot8MgMKpNRV9fKc1PuU2Lz2FmBz41q2GrxMXn4Q; expires=Mon, 14-Oct-2024 14:28:53 GMT; path=/; domain=.google.com; HttpOnly'} 
 body=&lt;!doctype html&gt;&lt;html itemscope="" itemtype="http://schema.org/WebPage" lang="pt-BR"&gt;&lt;head&gt;&lt;meta content="text/html; charset=UTF-8" http-equiv="Content-Type"&gt;&lt;meta content="/images/branding/googleg/1x/googleg_standard_color_128dp.png" itemprop="image"&gt;&lt;title&gt;Google&lt;/title&gt;&lt;script nonce="NDiMTaGHrcpbiYkUyRZPTw"&gt;(function(){var _g={kEI:'JegbZuTNEqTm1sQPq8678A8',kEXPI:'0,793110,568009,4348,207,4804,1133897,1195914,1021,424527,53691,4998,23959,28851,2709,2872,2891,89155,230,107227,6654,7593,1,11942,30212,2,16395,23366,6699,41946,24673,33064,2,2,1,6960,3996,15676,8155,23351,22435,9779,12415,30044,20198,73179,3030,15816,1804,7759,13252,26071,1632,9710,34302,938,6107,5215743,1346,891,107,5992324,2839365,1,2,1,2,1,2,1,1,6,8,23,27982722,16673,43886,3,318,4,1281,3,2121778,2585,16815,2,2,23012532,12799,8409,3322,7432,5910,5,17446,10576,2153,28830,5887,1923,7287,1301,2370,6407,8048,5797,12953,2212,7981,200,390,7527,2891,2436,4496,5,5218,8833,13495,2345,1794,3214,6871,3723,435,9,927,5897,359,15,222,1262,3,611,217,205,4454,123,32,2484,1709,1268,228,7,1188,637,3910,409,4148,2410,1511,2231,10,1574,8,340,383,2,3669,789,110,1298,1426,1114,76,149,741,536,4,487,313,2,1366,610,132,183,17,4,185,122,1435,4,1,6,762,460,547,2,4,126,290,1511,738,339,1412,1279,237,423,30,434,463,1,796,681,537,683,170,2,4,209,1211,337,48,191,364,833,361,24,5,767,4,1132,497,1157,26,3,7,505,469,290,212,179,3,814,148,22,350,1168,63,152,202,111,541,27,290,57,30,122,300,77,387,2,171,36,436,847,371,884,70,235,1109,1,3,447,5,624,40,610,1231,992,35,6,219,1,200,38,150,1369,67,128,626,724,440,230,467,1261,202,115,54,14,1979,70,2061,7,1,717,213,929,822,3,7,79,496,290,243,305,475,219,249,110,21275086,365638,3,974,5,5878,1438,1877,147,518,154,124,2335,62,460,95,3322770',kBL:'VL75',kOPI:89978449};(function(){var a;(null==(a=window.google)?0:a.stvsc)?google.kEI=_g.kEI:window.google=_g;}).call(this);})();(function(){google.sn='webhp';google.kHL='pt-BR';})();(function(){
var h=this||self;function l(){return void 0!==window.google&amp;&amp;void 0!==window.google.kOPI&amp;&amp;0!==window.google.kOPI?window.google.kOPI:null};var m,n=[];function p(a){for(var b;a&amp;&amp;(!a.getAttribute||!(b=a.getAttribute("eid")));)a=a.parentNode;return b||m}function q(a){for(var b=null;a&amp;&amp;(!a.getAttribute||!(b=a.getAttribute("leid")));)a=a.parentNode;return b}function r(a){/^http:/i.test(a)&amp;&amp;"https:"===window.location.protocol&amp;&amp;(google.ml&amp;&amp;google.ml(Error("a"),!1,{src:a,glmm:1}),a="");return a}
function t(a,b,c,d,k){var e="";-1===b.search("&amp;ei=")&amp;&amp;(e="&amp;ei="+p(d),-1===b.search("&amp;lei=")&amp;&amp;(d=q(d))&amp;&amp;(e+="&amp;lei="+d));d="";var g=-1===b.search("&amp;cshid=")&amp;&amp;"slh"!==a,f=[];f.push(["zx",Date.now().toString()]);h._cshid&amp;&amp;g&amp;&amp;f.push(["cshid",h._cshid]);c=c();null!=c&amp;&amp;f.push(["opi",c.toString()]);for(c=0;c&lt;f.length;c++){if(0===c||0&lt;c)d+="&amp;";d+=f[c][0]+"="+f[c][1]}return"/"+(k||"gen_204")+"?atyp=i&amp;ct="+String(a)+"&amp;cad="+(b+e+d)};m=google.kEI;google.getEI=p;google.getLEI=q;google.ml=function(){return null};google.log=function(a,b,c,d,k,e){e=void 0===e?l:e;c||(c=t(a,b,e,d,k));if(c=r(c)){a=new Image;var g=n.length;n[g]=a;a.onerror=a.onload=a.onabort=function(){delete n[g]};a.src=c}};google.logUrl=function(a,b){b=void 0===b?l:b;return t("",a,b)};}).call(this);(function(){google.y={};google.sy=[];google.x=function(a,b){if(a)var c=a.id;else{do c=Math.random();while(google.y[c])}google.y[c]=[a,b];return!1};google.sx=function(a){google.sy.push(a)};google.lm=[];google.plm=function(a){google.lm.push.apply(google.lm,a)};google.lq=[];google.load=function(a,b,c){google.lq.push([[a],b,c])};google.loadAll=function(a,b){google.lq.push([a,b])};google.bx=!1;google.lx=function(){};var d=[];google.fce=function(a,b,c,e){d.push([a,b,c,e])};google.qce=d;}).call(this);google.f={};(function(){
document.documentElement.addEventListener("submit",function(b){var a;if(a=b.target){var c=a.getAttribute("data-submitfalse");a="1"===c||"q"===c&amp;&amp;!a.elements.q.value?!0:!1}else a=!1;a&amp;&amp;(b.preventDefault(),b.stopPropagation())},!0);document.documentElement.addEventListener("click",function(b){var a;a:{for(a=b.target;a&amp;&amp;a!==document.documentElement;a=a.parentElement)if("A"===a.tagName){a="1"===a.getAttribute("data-nohref");break a}a=!1}a&amp;&amp;b.preventDefault()},!0);}).call(this);&lt;/script&gt;&lt;style&gt;#gbar,#guser{font-size:13px;padding-top:1px !important;}#gbar{height:22px}#guser{padding-bottom:7px !important;text-align:right}.gbh,.gbd{border-top:1px solid #c9d7f1;font-size:1px}.gbh{height:0;position:absolute;top:24px;width:100%}@media all{.gb1{height:22px;margin-right:.5em;vertical-align:top}#gbar{float:left}}a.gb1,a.gb4{text-decoration:underline !important}a.gb1,a.gb4{color:#00c !important}.gbi .gb4{color:#dd8e27 !important}.gbf .gb4{color:#900 !important}
&lt;/style&gt;&lt;style&gt;body,td,a,p,.h{font-family:arial,sans-serif}body{margin:0;overflow-y:scroll}#gog{padding:3px 8px 0}td{line-height:.8em}.gac_m td{line-height:17px}form{margin-bottom:20px}.h{color:#1967d2}em{font-weight:bold;font-style:normal}.lst{height:25px;width:496px}.gsfi,.lst{font:18px arial,sans-serif}.gsfs{font:17px arial,sans-serif}.ds{display:inline-box;display:inline-block;margin:3px 0 4px;margin-left:4px}input{font-family:inherit}body{background:#fff;color:#000}a{color:#681da8;text-decoration:none}a:hover,a:active{text-decoration:underline}.fl a{color:#1967d2}a:visited{color:#681da8}.sblc{padding-top:5px}.sblc a{display:block;margin:2px 0;margin-left:13px;font-size:11px}.lsbb{background:#f8f9fa;border:solid 1px;border-color:#dadce0 #70757a #70757a #dadce0;height:30px}.lsbb{display:block}#WqQANb a{display:inline-block;margin:0 12px}.lsb{background:url(/images/nav_logo229.png) 0 -261px repeat-x;color:#000;border:none;cursor:pointer;height:30px;margin:0;outline:0;font:15px arial,sans-serif;vertical-align:top}.lsb:active{background:#dadce0}.lst:focus{outline:none}.Ucigb{width:458px}&lt;/style&gt;&lt;script nonce="NDiMTaGHrcpbiYkUyRZPTw"&gt;(function(){window.google.erd={jsr:1,bv:1988,de:true};
var h=this||self;var k,l=null!=(k=h.mei)?k:1,n,p=null!=(n=h.sdo)?n:!0,q=0,r,t=google.erd,v=t.jsr;google.ml=function(a,b,d,m,e){e=void 0===e?2:e;b&amp;&amp;(r=a&amp;&amp;a.message);void 0===d&amp;&amp;(d={});d.cad="ple_"+google.ple+".aple_"+google.aple;if(google.dl)return google.dl(a,e,d),null;b=d;if(0&gt;v){window.console&amp;&amp;console.error(a,b);if(-2===v)throw a;b=!1}else b=!a||!a.message||"Error loading script"===a.message||q&gt;=l&amp;&amp;!m?!1:!0;if(!b)return null;q++;d=d||{};b=encodeURIComponent;var c="/gen_204?atyp=i&amp;ei="+b(google.kEI);google.kEXPI&amp;&amp;(c+="&amp;jexpid="+b(google.kEXPI));c+="&amp;srcpg="+b(google.sn)+"&amp;jsr="+b(t.jsr)+"&amp;bver="+
b(t.bv);var f=a.lineNumber;void 0!==f&amp;&amp;(c+="&amp;line="+f);var g=a.fileName;g&amp;&amp;(0&lt;g.indexOf("-extension:/")&amp;&amp;(e=3),c+="&amp;script="+b(g),f&amp;&amp;g===window.location.href&amp;&amp;(f=document.documentElement.outerHTML.split("\n")[f],c+="&amp;cad="+b(f?f.substring(0,300):"No script found.")));google.ple&amp;&amp;1===google.ple&amp;&amp;(e=2);c+="&amp;jsel="+e;for(var u in d)c+="&amp;",c+=b(u),c+="=",c+=b(d[u]);c=c+"&amp;emsg="+b(a.name+": "+a.message);c=c+"&amp;jsst="+b(a.stack||"N/A");12288&lt;=c.length&amp;&amp;(c=c.substr(0,12288));a=c;m||google.log(0,"",a);return a};window.onerror=function(a,b,d,m,e){r!==a&amp;&amp;(a=e instanceof Error?e:Error(a),void 0===d||"lineNumber"in a||(a.lineNumber=d),void 0===b||"fileName"in a||(a.fileName=b),google.ml(a,!1,void 0,!1,"SyntaxError"===a.name||"SyntaxError"===a.message.substring(0,11)||-1!==a.message.indexOf("Script error")?3:0));r=null;p&amp;&amp;q&gt;=l&amp;&amp;(window.onerror=null)};})();&lt;/script&gt;&lt;/head&gt;&lt;body bgcolor="#fff"&gt;&lt;script nonce="NDiMTaGHrcpbiYkUyRZPTw"&gt;(function(){var src='/images/nav_logo229.png';var iesg=false;document.body.onload = function(){window.n &amp;&amp; window.n();if (document.images){new Image().src=src;}
if (!iesg){document.f&amp;&amp;document.f.q.focus();document.gbqf&amp;&amp;document.gbqf.q.focus();}
}
})();&lt;/script&gt;&lt;div id="mngb"&gt;&lt;div id=gbar&gt;&lt;nobr&gt;&lt;b class=gb1&gt;Pesquisa&lt;/b&gt; &lt;a class=gb1 href="https://www.google.com/imghp?hl=pt-BR&amp;tab=wi"&gt;Imagens&lt;/a&gt; &lt;a class=gb1 href="http://maps.google.com.br/maps?hl=pt-BR&amp;tab=wl"&gt;Maps&lt;/a&gt; &lt;a class=gb1 href="https://play.google.com/?hl=pt-BR&amp;tab=w8"&gt;Play&lt;/a&gt; &lt;a class=gb1 href="https://www.youtube.com/?tab=w1"&gt;YouTube&lt;/a&gt; &lt;a class=gb1 href="https://news.google.com/?tab=wn"&gt;Notícias&lt;/a&gt; &lt;a class=gb1 href="https://mail.google.com/mail/?tab=wm"&gt;Gmail&lt;/a&gt; &lt;a class=gb1 href="https://drive.google.com/?tab=wo"&gt;Drive&lt;/a&gt; &lt;a class=gb1 style="text-decoration:none" href="https://www.google.com.br/intl/pt-BR/about/products?tab=wh"&gt;&lt;u&gt;Mais&lt;/u&gt; &amp;raquo;&lt;/a&gt;&lt;/nobr&gt;&lt;/div&gt;&lt;div id=guser width=100%&gt;&lt;nobr&gt;&lt;span id=gbn class=gbi&gt;&lt;/span&gt;&lt;span id=gbf class=gbf&gt;&lt;/span&gt;&lt;span id=gbe&gt;&lt;/span&gt;&lt;a href="http://www.google.com.br/history/optout?hl=pt-BR" class=gb4&gt;Histórico da Web&lt;/a&gt; | &lt;a  href="/preferences?hl=pt-BR" class=gb4&gt;Configurações&lt;/a&gt; | &lt;a target=_top id=gb_70 href="https://accounts.google.com/ServiceLogin?hl=pt-BR&amp;passive=true&amp;continue=http://www.google.com/&amp;ec=GAZAAQ" class=gb4&gt;Fazer login&lt;/a&gt;&lt;/nobr&gt;&lt;/div&gt;&lt;div class=gbh style=left:0&gt;&lt;/div&gt;&lt;div class=gbh style=right:0&gt;&lt;/div&gt;&lt;/div&gt;&lt;center&gt;&lt;br clear="all" id="lgpd"&gt;&lt;div id="lga"&gt;&lt;img alt="Google" height="92" src="/images/branding/googlelogo/1x/googlelogo_white_background_color_272x92dp.png" style="padding:28px 0 14px" width="272" id="hplogo"&gt;&lt;br&gt;&lt;br&gt;&lt;/div&gt;&lt;form action="/search" name="f"&gt;&lt;table cellpadding="0" cellspacing="0"&gt;&lt;tr valign="top"&gt;&lt;td width="25%"&gt;&amp;nbsp;&lt;/td&gt;&lt;td align="center" nowrap=""&gt;&lt;input name="ie" value="ISO-8859-1" type="hidden"&gt;&lt;input value="pt-BR" name="hl" type="hidden"&gt;&lt;input name="source" type="hidden" value="hp"&gt;&lt;input name="biw" type="hidden"&gt;&lt;input name="bih" type="hidden"&gt;&lt;div class="ds" style="height:32px;margin:4px 0"&gt;&lt;div style="position:relative;zoom:1"&gt;&lt;input class="lst Ucigb" style="margin:0;padding:5px 8px 0 6px;vertical-align:top;color:#000;padding-right:38px" autocomplete="off" value="" title="Pesquisa Google" maxlength="2048" name="q" size="57"&gt;&lt;img src="/textinputassistant/tia.png" style="position:absolute;cursor:pointer;right:5px;top:4px;z-index:300" data-script-url="/textinputassistant/13/pt-BR_tia.js" id="tsuid_1" alt="" height="23" width="27"&gt;&lt;script nonce="NDiMTaGHrcpbiYkUyRZPTw"&gt;(func... (set the log level to DEBUG or TRACE to see the full content) 
 </msg>
<msg time="2024-04-14T11:28:52.173558" level="INFO">${response} = &lt;Response [200]&gt;</msg>
<var>${response}</var>
<arg>url=${Google}</arg>
<arg>headers=${headers}</arg>
<doc>Sends a GET request.</doc>
<status status="PASS" start="2024-04-14T11:28:51.939701" elapsed="0.233857"/>
</kw>
<kw name="Set Suite Variable" owner="BuiltIn">
<msg time="2024-04-14T11:28:52.173558" level="INFO">${response} = &lt;Response [200]&gt;</msg>
<arg>${response}</arg>
<arg>${response}</arg>
<doc>Makes a variable available everywhere within the scope of the current suite.</doc>
<status status="PASS" start="2024-04-14T11:28:52.173558" elapsed="0.000000"/>
</kw>
<kw name="Log" owner="BuiltIn">
<msg time="2024-04-14T11:28:52.174562" level="INFO">200</msg>
<arg>${response.status_code}</arg>
<doc>Logs the given message with the given level.</doc>
<status status="PASS" start="2024-04-14T11:28:52.173558" elapsed="0.001004"/>
</kw>
<status status="PASS" start="2024-04-14T11:28:51.938703" elapsed="0.235859"/>
</kw>
<kw name="Então o status deve ser" owner="API">
<kw name="Should Be Equal As Strings" owner="BuiltIn">
<msg time="2024-04-14T11:28:52.174562" level="INFO">Argument types are:
&lt;class 'str'&gt;
&lt;class 'int'&gt;</msg>
<msg time="2024-04-14T11:28:52.175564" level="FAIL">500 != 200</msg>
<arg>${status}</arg>
<arg>${response.status_code}</arg>
<doc>Fails if objects are unequal after converting them to strings.</doc>
<status status="FAIL" start="2024-04-14T11:28:52.174562" elapsed="0.001002">500 != 200</status>
</kw>
<arg>500</arg>
<status status="FAIL" start="2024-04-14T11:28:52.174562" elapsed="0.001002">500 != 200</status>
</kw>
<tag>API</tag>
<tag>Integration</tag>
<status status="FAIL" start="2024-04-14T11:28:51.938703" elapsed="0.236861">500 != 200</status>
</test>
<doc>Testes das API de Integração do PDV</doc>
<status status="FAIL" start="2024-04-14T11:28:51.828506" elapsed="0.347058"/>
</suite>
<status status="FAIL" start="2024-04-14T11:28:51.812403" elapsed="0.364070"/>
</suite>
<statistics>
<total>
<stat pass="0" fail="1" skip="0">All Tests</stat>
</total>
<tag>
<stat pass="0" fail="1" skip="0">API</stat>
<stat pass="0" fail="1" skip="0">Integration</stat>
</tag>
<suite>
<stat pass="0" fail="1" skip="0" id="s1" name="Tests">Tests</stat>
<stat pass="0" fail="1" skip="0" id="s1-s1" name="API PDV">Tests.API PDV</stat>
</suite>
</statistics>
<errors>
</errors>
</robot>
